{"/Users/patryk/Workspace/bottega/pitapp/src/sum.ts": {"path":"/Users/patryk/Workspace/bottega/pitapp/src/sum.ts","statementMap":{"0":{"start":{"line":2,"column":2},"end":{"line":2,"column":null}}},"fnMap":{"0":{"name":"sum","decl":{"start":{"line":1,"column":16},"end":{"line":1,"column":20}},"loc":{"start":{"line":1,"column":26},"end":{"line":3,"column":null}},"line":1}},"branchMap":{},"s":{"0":1},"f":{"0":1},"b":{},"meta":{"lastBranch":0,"lastFunction":1,"lastStatement":1,"seen":{"f:1:16:1:20":0,"s:2:2:2:Infinity":0},"fnNames":{}}}
,"/Users/patryk/Workspace/bottega/pitapp/src/components/Generator.tsx": {"path":"/Users/patryk/Workspace/bottega/pitapp/src/components/Generator.tsx","statementMap":{"0":{"start":{"line":7,"column":6},"end":{"line":35,"column":null}},"1":{"start":{"line":8,"column":16},"end":{"line":8,"column":null}},"2":{"start":{"line":8,"column":28},"end":{"line":8,"column":51}},"3":{"start":{"line":11,"column":8},"end":{"line":17,"column":null}},"4":{"start":{"line":12,"column":4},"end":{"line":15,"column":null}},"5":{"start":{"line":19,"column":8},"end":{"line":21,"column":null}},"6":{"start":{"line":20,"column":4},"end":{"line":20,"column":null}},"7":{"start":{"line":23,"column":2},"end":{"line":33,"column":null}}},"fnMap":{"0":{"name":"(anonymous_0)","decl":{"start":{"line":7,"column":6},"end":{"line":7,"column":24}},"loc":{"start":{"line":7,"column":24},"end":{"line":35,"column":null}},"line":7},"1":{"name":"(anonymous_1)","decl":{"start":{"line":8,"column":28},"end":{"line":8,"column":43}},"loc":{"start":{"line":8,"column":28},"end":{"line":8,"column":51}},"line":8},"2":{"name":"(anonymous_2)","decl":{"start":{"line":11,"column":24},"end":{"line":11,"column":38}},"loc":{"start":{"line":11,"column":38},"end":{"line":17,"column":5}},"line":11},"3":{"name":"(anonymous_3)","decl":{"start":{"line":19,"column":22},"end":{"line":19,"column":40}},"loc":{"start":{"line":19,"column":40},"end":{"line":21,"column":5}},"line":19}},"branchMap":{},"s":{"0":1,"1":2,"2":1,"3":2,"4":1,"5":2,"6":1,"7":2},"f":{"0":2,"1":1,"2":1,"3":1},"b":{},"meta":{"lastBranch":0,"lastFunction":4,"lastStatement":8,"seen":{"s:7:6:35:Infinity":0,"f:7:6:7:24":0,"s:8:16:8:Infinity":1,"f:8:28:8:43":1,"s:8:28:8:51":2,"s:11:8:17:Infinity":3,"f:11:24:11:38":2,"s:12:4:15:Infinity":4,"s:19:8:21:Infinity":5,"f:19:22:19:40":3,"s:20:4:20:Infinity":6,"s:23:2:33:Infinity":7},"fnNames":{}}}
,"/Users/patryk/Workspace/bottega/pitapp/src/components/Auth/AuthContext.tsx": {"path":"/Users/patryk/Workspace/bottega/pitapp/src/components/Auth/AuthContext.tsx","statementMap":{"0":{"start":{"line":13,"column":13},"end":{"line":26,"column":null}},"1":{"start":{"line":14,"column":21},"end":{"line":14,"column":null}},"2":{"start":{"line":16,"column":8},"end":{"line":16,"column":null}},"3":{"start":{"line":16,"column":31},"end":{"line":16,"column":null}},"4":{"start":{"line":17,"column":8},"end":{"line":17,"column":null}},"5":{"start":{"line":17,"column":22},"end":{"line":17,"column":null}},"6":{"start":{"line":18,"column":8},"end":{"line":18,"column":null}},"7":{"start":{"line":18,"column":23},"end":{"line":18,"column":null}},"8":{"start":{"line":20,"column":2},"end":{"line":25,"column":null}},"9":{"start":{"line":28,"column":6},"end":{"line":28,"column":null}},"10":{"start":{"line":33,"column":13},"end":{"line":41,"column":null}},"11":{"start":{"line":34,"column":8},"end":{"line":34,"column":null}},"12":{"start":{"line":36,"column":2},"end":{"line":38,"column":null}},"13":{"start":{"line":37,"column":4},"end":{"line":37,"column":null}},"14":{"start":{"line":40,"column":2},"end":{"line":40,"column":null}},"15":{"start":{"line":43,"column":13},"end":{"line":47,"column":null}},"16":{"start":{"line":44,"column":2},"end":{"line":45,"column":null}}},"fnMap":{"0":{"name":"(anonymous_0)","decl":{"start":{"line":13,"column":13},"end":{"line":13,"column":43}},"loc":{"start":{"line":13,"column":43},"end":{"line":26,"column":null}},"line":13},"1":{"name":"(anonymous_1)","decl":{"start":{"line":16,"column":8},"end":{"line":16,"column":31}},"loc":{"start":{"line":16,"column":31},"end":{"line":16,"column":null}},"line":16},"2":{"name":"(anonymous_2)","decl":{"start":{"line":17,"column":8},"end":{"line":17,"column":22}},"loc":{"start":{"line":17,"column":22},"end":{"line":17,"column":null}},"line":17},"3":{"name":"(anonymous_3)","decl":{"start":{"line":18,"column":8},"end":{"line":18,"column":23}},"loc":{"start":{"line":18,"column":23},"end":{"line":18,"column":null}},"line":18},"4":{"name":"(anonymous_4)","decl":{"start":{"line":33,"column":13},"end":{"line":33,"column":36}},"loc":{"start":{"line":33,"column":36},"end":{"line":41,"column":null}},"line":33},"5":{"name":"(anonymous_5)","decl":{"start":{"line":43,"column":13},"end":{"line":43,"column":29}},"loc":{"start":{"line":43,"column":77},"end":{"line":47,"column":null}},"line":43}},"branchMap":{"0":{"loc":{"start":{"line":36,"column":2},"end":{"line":38,"column":null}},"type":"if","locations":[{"start":{"line":36,"column":2},"end":{"line":38,"column":null}},{"start":{},"end":{}}],"line":36}},"s":{"0":2,"1":4,"2":4,"3":2,"4":4,"5":0,"6":4,"7":0,"8":4,"9":2,"10":2,"11":2,"12":2,"13":0,"14":2,"15":2,"16":2},"f":{"0":4,"1":2,"2":0,"3":0,"4":2,"5":2},"b":{"0":[0,2]},"meta":{"lastBranch":1,"lastFunction":6,"lastStatement":17,"seen":{"s:13:13:26:Infinity":0,"f:13:13:13:43":0,"s:14:21:14:Infinity":1,"s:16:8:16:Infinity":2,"f:16:8:16:31":1,"s:16:31:16:Infinity":3,"s:17:8:17:Infinity":4,"f:17:8:17:22":2,"s:17:22:17:Infinity":5,"s:18:8:18:Infinity":6,"f:18:8:18:23":3,"s:18:23:18:Infinity":7,"s:20:2:25:Infinity":8,"s:28:6:28:Infinity":9,"s:33:13:41:Infinity":10,"f:33:13:33:36":4,"s:34:8:34:Infinity":11,"b:36:2:38:Infinity:undefined:undefined:undefined:undefined":0,"s:36:2:38:Infinity":12,"s:37:4:37:Infinity":13,"s:40:2:40:Infinity":14,"s:43:13:47:Infinity":15,"f:43:13:43:29":5,"s:44:2:45:Infinity":16},"fnNames":{}}}
,"/Users/patryk/Workspace/bottega/pitapp/src/components/Auth/AuthCredentials.tsx": {"path":"/Users/patryk/Workspace/bottega/pitapp/src/components/Auth/AuthCredentials.tsx","statementMap":{"0":{"start":{"line":4,"column":13},"end":{"line":12,"column":null}},"1":{"start":{"line":5,"column":8},"end":{"line":5,"column":null}},"2":{"start":{"line":6,"column":2},"end":{"line":10,"column":null}},"3":{"start":{"line":9,"column":29},"end":{"line":9,"column":55}}},"fnMap":{"0":{"name":"(anonymous_0)","decl":{"start":{"line":4,"column":13},"end":{"line":4,"column":37}},"loc":{"start":{"line":4,"column":37},"end":{"line":12,"column":null}},"line":4},"1":{"name":"(anonymous_1)","decl":{"start":{"line":9,"column":14},"end":{"line":9,"column":29}},"loc":{"start":{"line":9,"column":29},"end":{"line":9,"column":55}},"line":9}},"branchMap":{"0":{"loc":{"start":{"line":8,"column":29},"end":{"line":8,"column":66}},"type":"cond-expr","locations":[{"start":{"line":8,"column":50},"end":{"line":8,"column":58}},{"start":{"line":8,"column":58},"end":{"line":8,"column":66}}],"line":8}},"s":{"0":1,"1":2,"2":2,"3":1},"f":{"0":2,"1":1},"b":{"0":[1,1]},"meta":{"lastBranch":1,"lastFunction":2,"lastStatement":4,"seen":{"s:4:13:12:Infinity":0,"f:4:13:4:37":0,"s:5:8:5:Infinity":1,"s:6:2:10:Infinity":2,"b:8:50:8:58:8:58:8:66":0,"f:9:14:9:29":1,"s:9:29:9:55":3},"fnNames":{}}}
,"/Users/patryk/Workspace/bottega/pitapp/src/components/Auth/AuthInfo.tsx": {"path":"/Users/patryk/Workspace/bottega/pitapp/src/components/Auth/AuthInfo.tsx","statementMap":{"0":{"start":{"line":3,"column":13},"end":{"line":5,"column":null}},"1":{"start":{"line":4,"column":2},"end":{"line":4,"column":null}}},"fnMap":{"0":{"name":"(anonymous_0)","decl":{"start":{"line":3,"column":13},"end":{"line":3,"column":30}},"loc":{"start":{"line":3,"column":30},"end":{"line":5,"column":null}},"line":3}},"branchMap":{},"s":{"0":1,"1":0},"f":{"0":0},"b":{},"meta":{"lastBranch":0,"lastFunction":1,"lastStatement":2,"seen":{"s:3:13:5:Infinity":0,"f:3:13:3:30":0,"s:4:2:4:Infinity":1},"fnNames":{}}}
,"/Users/patryk/Workspace/bottega/pitapp/src/features/products/components/ProductDetails.tsx": {"path":"/Users/patryk/Workspace/bottega/pitapp/src/features/products/components/ProductDetails.tsx","statementMap":{"0":{"start":{"line":7,"column":13},"end":{"line":15,"column":null}},"1":{"start":{"line":8,"column":2},"end":{"line":13,"column":null}}},"fnMap":{"0":{"name":"(anonymous_0)","decl":{"start":{"line":7,"column":13},"end":{"line":7,"column":31}},"loc":{"start":{"line":7,"column":54},"end":{"line":15,"column":null}},"line":7}},"branchMap":{},"s":{"0":1,"1":1},"f":{"0":1},"b":{},"meta":{"lastBranch":0,"lastFunction":1,"lastStatement":2,"seen":{"s:7:13:15:Infinity":0,"f:7:13:7:31":0,"s:8:2:13:Infinity":1},"fnNames":{}}}
,"/Users/patryk/Workspace/bottega/pitapp/src/ui/Button.tsx": {"path":"/Users/patryk/Workspace/bottega/pitapp/src/ui/Button.tsx","statementMap":{"0":{"start":{"line":3,"column":15},"end":{"line":9,"column":null}},"1":{"start":{"line":25,"column":13},"end":{"line":45,"column":null}},"2":{"start":{"line":33,"column":19},"end":{"line":37,"column":null}},"3":{"start":{"line":39,"column":4},"end":{"line":42,"column":null}},"4":{"start":{"line":47,"column":0},"end":{"line":47,"column":null}}},"fnMap":{"0":{"name":"(anonymous_0)","decl":{"start":{"line":25,"column":22},"end":{"line":25,"column":null}},"loc":{"start":{"line":32,"column":15},"end":{"line":44,"column":null}},"line":32}},"branchMap":{"0":{"loc":{"start":{"line":29,"column":4},"end":{"line":29,"column":null}},"type":"default-arg","locations":[{"start":{"line":29,"column":14},"end":{"line":29,"column":null}}],"line":29},"1":{"loc":{"start":{"line":30,"column":4},"end":{"line":30,"column":null}},"type":"default-arg","locations":[{"start":{"line":30,"column":12},"end":{"line":30,"column":null}}],"line":30}},"s":{"0":3,"1":3,"2":6,"3":6,"4":3},"f":{"0":6},"b":{"0":[6],"1":[6]},"meta":{"lastBranch":2,"lastFunction":1,"lastStatement":5,"seen":{"s:3:15:9:Infinity":0,"s:25:13:45:Infinity":1,"f:25:22:25:Infinity":0,"b:29:14:29:Infinity":0,"b:30:12:30:Infinity":1,"s:33:19:37:Infinity":2,"s:39:4:42:Infinity":3,"s:47:0:47:Infinity":4},"fnNames":{}}}
,"/Users/patryk/Workspace/bottega/pitapp/src/ui/Header.tsx": {"path":"/Users/patryk/Workspace/bottega/pitapp/src/ui/Header.tsx","statementMap":{"0":{"start":{"line":5,"column":13},"end":{"line":7,"column":null}},"1":{"start":{"line":6,"column":2},"end":{"line":6,"column":null}}},"fnMap":{"0":{"name":"(anonymous_0)","decl":{"start":{"line":5,"column":13},"end":{"line":5,"column":23}},"loc":{"start":{"line":5,"column":47},"end":{"line":7,"column":null}},"line":5}},"branchMap":{},"s":{"0":2,"1":0},"f":{"0":0},"b":{},"meta":{"lastBranch":0,"lastFunction":1,"lastStatement":2,"seen":{"s:5:13:7:Infinity":0,"f:5:13:5:23":0,"s:6:2:6:Infinity":1},"fnNames":{}}}
,"/Users/patryk/Workspace/bottega/pitapp/src/ui/Input.tsx": {"path":"/Users/patryk/Workspace/bottega/pitapp/src/ui/Input.tsx","statementMap":{"0":{"start":{"line":16,"column":13},"end":{"line":27,"column":null}},"1":{"start":{"line":18,"column":10},"end":{"line":18,"column":null}},"2":{"start":{"line":19,"column":4},"end":{"line":24,"column":null}},"3":{"start":{"line":29,"column":0},"end":{"line":29,"column":null}}},"fnMap":{"0":{"name":"(anonymous_0)","decl":{"start":{"line":16,"column":21},"end":{"line":16,"column":null}},"loc":{"start":{"line":17,"column":77},"end":{"line":26,"column":null}},"line":17}},"branchMap":{"0":{"loc":{"start":{"line":23,"column":9},"end":{"line":23,"column":null}},"type":"binary-expr","locations":[{"start":{"line":23,"column":9},"end":{"line":23,"column":18}},{"start":{"line":23,"column":18},"end":{"line":23,"column":null}}],"line":23}},"s":{"0":3,"1":1,"2":1,"3":3},"f":{"0":1},"b":{"0":[1,0]},"meta":{"lastBranch":1,"lastFunction":1,"lastStatement":4,"seen":{"s:16:13:27:Infinity":0,"f:16:21:16:Infinity":0,"s:18:10:18:Infinity":1,"s:19:4:24:Infinity":2,"b:23:9:23:18:23:18:23:Infinity":0,"s:29:0:29:Infinity":3},"fnNames":{}}}
,"/Users/patryk/Workspace/bottega/pitapp/src/ui/Text.tsx": {"path":"/Users/patryk/Workspace/bottega/pitapp/src/ui/Text.tsx","statementMap":{"0":{"start":{"line":9,"column":13},"end":{"line":12,"column":null}},"1":{"start":{"line":11,"column":2},"end":{"line":11,"column":null}},"2":{"start":{"line":14,"column":0},"end":{"line":14,"column":null}}},"fnMap":{"0":{"name":"(anonymous_0)","decl":{"start":{"line":9,"column":20},"end":{"line":9,"column":26}},"loc":{"start":{"line":9,"column":50},"end":{"line":12,"column":1}},"line":9}},"branchMap":{},"s":{"0":2,"1":4,"2":2},"f":{"0":4},"b":{},"meta":{"lastBranch":0,"lastFunction":1,"lastStatement":3,"seen":{"s:9:13:12:Infinity":0,"f:9:20:9:26":0,"s:11:2:11:Infinity":1,"s:14:0:14:Infinity":2},"fnNames":{}}}
,"/Users/patryk/Workspace/bottega/pitapp/src/ui/index.ts": {"path":"/Users/patryk/Workspace/bottega/pitapp/src/ui/index.ts","statementMap":{},"fnMap":{},"branchMap":{},"s":{},"f":{},"b":{},"meta":{"lastBranch":0,"lastFunction":0,"lastStatement":0,"seen":{},"fnNames":{}}}
}
